Using pre-set license

 COMMAND LINE ARGUMENTS:
/Applications/Unity/Hub/Editor/2021.1.9f1/Unity.app/Contents/MacOS/Unity
-adb2
-batchMode
-noUpm
-name
AssetImportWorker0
-projectPath
/Users/semler/Lernen/Lernen
-logFile
Logs/AssetImportWorker0.log
-srvPort
62066
Successfully changed project path to: /Users/semler/Lernen/Lernen
/Users/semler/Lernen/Lernen
Using Asset Import Pipeline V2.
Refreshing native plugins compatible for Editor in 94.75 ms, found 2 plugins.
Preloading 0 native plugins for Editor in 0.00 ms.
Initialize engine version: 2021.1.9f1 (7a790e367ab3)
[Subsystems] Discovering subsystems at path /Applications/Unity/Hub/Editor/2021.1.9f1/Unity.app/Contents/Resources/UnitySubsystems
[Subsystems] Discovering subsystems at path /Users/semler/Lernen/Lernen/Assets
GfxDevice: creating device client; threaded=0; jobified=0
2021-06-01 19:31:48.213 Unity[19914:2402597] Color LCD preferred device: Intel Iris Pro Graphics (low power)
2021-06-01 19:31:48.213 Unity[19914:2402597] Metal devices available: 1
2021-06-01 19:31:48.213 Unity[19914:2402597] 0: Intel Iris Pro Graphics (low power)
2021-06-01 19:31:48.213 Unity[19914:2402597] Using device Intel Iris Pro Graphics (low power)
Initializing Metal device caps: Intel Iris Pro Graphics
Initialize mono
Mono path[0] = '/Applications/Unity/Hub/Editor/2021.1.9f1/Unity.app/Contents/Managed'
Mono path[1] = '/Applications/Unity/Hub/Editor/2021.1.9f1/Unity.app/Contents/MonoBleedingEdge/lib/mono/unityjit'
Mono config path = '/Applications/Unity/Hub/Editor/2021.1.9f1/Unity.app/Contents/MonoBleedingEdge/etc'
Using monoOptions --debugger-agent=transport=dt_socket,embedding=1,server=y,suspend=n,address=127.0.0.1:56914
Begin MonoManager ReloadAssembly
Registering precompiled unity dll's ...
Register platform support module: /Applications/Unity/Hub/Editor/2021.1.9f1/Unity.app/Contents/PlaybackEngines/MacStandaloneSupport/UnityEditor.OSXStandalone.Extensions.dll
Registered in 0.003540 seconds.
Native extension for OSXStandalone target not found
Refreshing native plugins compatible for Editor in 97.44 ms, found 2 plugins.
Preloading 0 native plugins for Editor in 0.00 ms.
Mono: successfully reloaded assembly
- Completed reload, in  3.550 seconds
Domain Reload Profiling:
	ReloadAssembly (3550ms)
		BeginReloadAssembly (62ms)
			ExecutionOrderSort (0ms)
			DisableScriptedObjects (0ms)
			BackupInstance (0ms)
			ReleaseScriptingObjects (0ms)
			CreateAndSetChildDomain (1ms)
		EndReloadAssembly (708ms)
			LoadAssemblies (63ms)
			RebuildTransferFunctionScriptingTraits (0ms)
			SetupTypeCache (282ms)
			ReleaseScriptCaches (0ms)
			RebuildScriptCaches (52ms)
			SetupLoadedEditorAssemblies (311ms)
				LogAssemblyErrors (0ms)
				InitializePlatformSupportModulesInManaged (9ms)
				SetLoadedEditorAssemblies (0ms)
				RefreshPlugins (97ms)
				BeforeProcessingInitializeOnLoad (2ms)
				ProcessInitializeOnLoadAttributes (159ms)
				ProcessInitializeOnLoadMethodAttributes (43ms)
				AfterProcessingInitializeOnLoad (0ms)
				EditorAssembliesLoaded (0ms)
			ExecutionOrderSort2 (0ms)
			AwakeInstancesAfterBackupRestoration (0ms)
Platform modules already initialized, skipping
Registering precompiled user dll's ...
Registered in 0.008945 seconds.
Begin MonoManager ReloadAssembly
Symbol file LoadedFromMemory doesn't match image /Users/semler/Lernen/Lernen/Library/PackageCache/com.unity.visualscripting@1.6.1/Editor/VisualScripting.Core/Dependencies/YamlDotNet/Unity.VisualScripting.YamlDotNet.dll
Symbol file LoadedFromMemory doesn't match image /Users/semler/Lernen/Lernen/Library/PackageCache/com.unity.visualscripting@1.6.1/Editor/VisualScripting.Core/Dependencies/DotNetZip/Unity.VisualScripting.IonicZip.dll
Native extension for OSXStandalone target not found
Refreshing native plugins compatible for Editor in 0.67 ms, found 2 plugins.
Preloading 0 native plugins for Editor in 0.00 ms.
Mono: successfully reloaded assembly
- Completed reload, in  1.639 seconds
Domain Reload Profiling:
	ReloadAssembly (1640ms)
		BeginReloadAssembly (238ms)
			ExecutionOrderSort (0ms)
			DisableScriptedObjects (7ms)
			BackupInstance (0ms)
			ReleaseScriptingObjects (0ms)
			CreateAndSetChildDomain (53ms)
		EndReloadAssembly (1311ms)
			LoadAssemblies (128ms)
			RebuildTransferFunctionScriptingTraits (0ms)
			SetupTypeCache (540ms)
			ReleaseScriptCaches (1ms)
			RebuildScriptCaches (78ms)
			SetupLoadedEditorAssemblies (414ms)
				LogAssemblyErrors (0ms)
				InitializePlatformSupportModulesInManaged (6ms)
				SetLoadedEditorAssemblies (1ms)
				RefreshPlugins (1ms)
				BeforeProcessingInitializeOnLoad (75ms)
				ProcessInitializeOnLoadAttributes (323ms)
				ProcessInitializeOnLoadMethodAttributes (7ms)
				AfterProcessingInitializeOnLoad (2ms)
				EditorAssembliesLoaded (0ms)
			ExecutionOrderSort2 (0ms)
			AwakeInstancesAfterBackupRestoration (10ms)
Platform modules already initialized, skipping
========================================================================
Worker process is ready to serve import requests
Launching external process: /Applications/Unity/Hub/Editor/2021.1.9f1/Unity.app/Contents/Tools/UnityShaderCompiler
Launched and connected shader compiler UnityShaderCompiler after 0.03 seconds
Refreshing native plugins compatible for Editor in 0.96 ms, found 2 plugins.
Preloading 0 native plugins for Editor in 0.00 ms.
Unloading 2937 Unused Serialized files (Serialized files now loaded: 0)
System memory in use before: 190.2 MB.
System memory in use after: 190.4 MB.

Unloading 23 unused Assets to reduce memory usage. Loaded Objects now: 3381.
Total: 2.712881 ms (FindLiveObjects: 0.217176 ms CreateObjectMapping: 0.123390 ms MarkObjects: 2.275259 ms  DeleteObjects: 0.096037 ms)

AssetImportParameters requested are different than current active one (requested -> active):
  custom:video-decoder-ogg-theora: a1e56fd34408186e4bbccfd4996cb3dc -> 
  custom:container-muxer-webm: aa71ff27fc2769a1b78a27578f13a17b -> 
  custom:container-demuxer-webm: 4f35f7cbe854078d1ac9338744f61a02 -> 
  custom:container-demuxer-ogg: 62fdf1f143b41e24485cea50d1cbac27 -> 
  custom:video-encoder-webm-vp8: eb34c28f22e8b96e1ab97ce403110664 -> 
  custom:framework-osx-AVFoundation: e770b220cccbd017edd2c1fefb359320 -> 
  custom:video-decoder-webm-vp8: 9c59270c3fd7afecdb556c50c9e8de78 -> 
  custom:audio-decoder-ogg-vorbis: bf7c407c2cedff20999df2af8eb42d56 -> 
  custom:audio-encoder-webm-vorbis: bf7c407c2cedff20999df2af8eb42d56 -> 
========================================================================
Received Import Request.
  path: Assets/New Folder
  artifactKey: Guid(5d1195d8ae6984c07b987c713829ad6b) Importer(815301076,1909f56bfc062723c751e8b465ee728b)
Start importing Assets/New Folder using Guid(5d1195d8ae6984c07b987c713829ad6b) Importer(815301076,1909f56bfc062723c751e8b465ee728b)  -> (artifact id: '081adf3c4da57833518d82ebcbdd9060') in 0.009531 seconds 
========================================================================
Received Import Request.
  Time since last request: 5.530231 seconds.
  path: Assets/dieSchrift
  artifactKey: Guid(5d1195d8ae6984c07b987c713829ad6b) Importer(815301076,1909f56bfc062723c751e8b465ee728b)
Start importing Assets/dieSchrift using Guid(5d1195d8ae6984c07b987c713829ad6b) Importer(815301076,1909f56bfc062723c751e8b465ee728b)  -> (artifact id: '5a66459d0f15bd84cf095e497793d5ca') in 0.002588 seconds 
========================================================================
Received Import Request.
  Time since last request: 39.241213 seconds.
  path: Assets/dieSchrift/dasBild
  artifactKey: Guid(13c20e11062474e1b86a1452b980b77c) Importer(815301076,1909f56bfc062723c751e8b465ee728b)
Start importing Assets/dieSchrift/dasBild using Guid(13c20e11062474e1b86a1452b980b77c) Importer(815301076,1909f56bfc062723c751e8b465ee728b)  -> (artifact id: 'a5b3d5007da9e1020ca45c9d2346594a') in 0.002386 seconds 
========================================================================
Received Import Request.
  Time since last request: 277.063555 seconds.
  path: Assets/dieSchrift/derArtikel
  artifactKey: Guid(0cede02ff4e0741f18f57238a96d69ed) Importer(815301076,1909f56bfc062723c751e8b465ee728b)
Start importing Assets/dieSchrift/derArtikel using Guid(0cede02ff4e0741f18f57238a96d69ed) Importer(815301076,1909f56bfc062723c751e8b465ee728b)  -> (artifact id: '99bfa6430d9751846fe35a3f27ce1b89') in 0.002557 seconds 
========================================================================
Received Import Request.
  Time since last request: 9.691380 seconds.
  path: Assets/Scenes/SampleScene.unity
  artifactKey: Guid(9fc0d4010bbf28b4594072e72b8655ab) Importer(815301076,1909f56bfc062723c751e8b465ee728b)
Start importing Assets/Scenes/SampleScene.unity using Guid(9fc0d4010bbf28b4594072e72b8655ab) Importer(815301076,1909f56bfc062723c751e8b465ee728b)  -> (artifact id: '85059f4f9e1a832ed95adaa0d25c5c4c') in 0.012124 seconds 
========================================================================
Received Import Request.
  Time since last request: 122.181254 seconds.
  path: Assets/Scenes/erste.unity
  artifactKey: Guid(9fc0d4010bbf28b4594072e72b8655ab) Importer(815301076,1909f56bfc062723c751e8b465ee728b)
Start importing Assets/Scenes/erste.unity using Guid(9fc0d4010bbf28b4594072e72b8655ab) Importer(815301076,1909f56bfc062723c751e8b465ee728b)  -> (artifact id: 'da7d7d7e978cacd45f09ee05c9d6cf2f') in 0.001821 seconds 
========================================================================
Received Import Request.
  Time since last request: 60.738253 seconds.
  path: Assets/dasMaterial
  artifactKey: Guid(e823401f234af4ff59d28f0e8f5398b5) Importer(815301076,1909f56bfc062723c751e8b465ee728b)
Start importing Assets/dasMaterial using Guid(e823401f234af4ff59d28f0e8f5398b5) Importer(815301076,1909f56bfc062723c751e8b465ee728b)  -> (artifact id: '33834acb99a1d452defd6a8e6a3f4a09') in 0.002675 seconds 
========================================================================
Received Import Request.
  Time since last request: 718.859429 seconds.
  path: Assets/dasFertighaus
  artifactKey: Guid(cdc2b7c949bb0474aa8db1212487179e) Importer(815301076,1909f56bfc062723c751e8b465ee728b)
Start importing Assets/dasFertighaus using Guid(cdc2b7c949bb0474aa8db1212487179e) Importer(815301076,1909f56bfc062723c751e8b465ee728b)  -> (artifact id: 'fb435aca8096e464ab146ddc4cb83b15') in 0.002366 seconds 
========================================================================
Received Import Request.
  Time since last request: 118.393675 seconds.
  path: Assets/dasSkript
  artifactKey: Guid(e36acd9febe164b5bad50960c281b2ed) Importer(815301076,1909f56bfc062723c751e8b465ee728b)
Start importing Assets/dasSkript using Guid(e36acd9febe164b5bad50960c281b2ed) Importer(815301076,1909f56bfc062723c751e8b465ee728b)  -> (artifact id: '32159a2744e0897bbd16c18803464977') in 0.002501 seconds 
========================================================================
Received Import Request.
  Time since last request: 1875.879982 seconds.
  path: Assets/Victorian PBR Canon/Materials/Textures/Cannon_AlbedoTransparency.png
  artifactKey: Guid(d1bc32ade53a28447a42ef63ebbf9d7a) Importer(815301076,1909f56bfc062723c751e8b465ee728b)
Start importing Assets/Victorian PBR Canon/Materials/Textures/Cannon_AlbedoTransparency.png using Guid(d1bc32ade53a28447a42ef63ebbf9d7a) Importer(815301076,1909f56bfc062723c751e8b465ee728b)  -> (artifact id: '29a42dfc9592d108d25a1fd5472c2aa0') in 1.249240 seconds 
========================================================================
Received Import Request.
  Time since last request: 0.000287 seconds.
  path: Assets/Victorian PBR Canon/Meshes/Cannon.fbx
  artifactKey: Guid(5a4c0780f50acba4e99b5e73c8c61f80) Importer(815301076,1909f56bfc062723c751e8b465ee728b)
Start importing Assets/Victorian PBR Canon/Meshes/Cannon.fbx using Guid(5a4c0780f50acba4e99b5e73c8c61f80) Importer(815301076,1909f56bfc062723c751e8b465ee728b)  -> (artifact id: '323a0e032b9ba24d22ba47097bfd9e6e') in 2.062775 seconds 
========================================================================
Received Import Request.
  Time since last request: 0.000260 seconds.
  path: Assets/Victorian PBR Canon/Materials/Textures/Cannon_Normal.png
  artifactKey: Guid(93eb8eed355d39b4a95414b5da7696f9) Importer(815301076,1909f56bfc062723c751e8b465ee728b)
Start importing Assets/Victorian PBR Canon/Materials/Textures/Cannon_Normal.png using Guid(93eb8eed355d39b4a95414b5da7696f9) Importer(815301076,1909f56bfc062723c751e8b465ee728b)  -> (artifact id: '6f55719966bf533772a05dd61791d713') in 0.092444 seconds 
========================================================================
Received Import Request.
  Time since last request: 0.000238 seconds.
  path: Assets/Victorian PBR Canon/Materials/Textures/Cannon_MetallicSmoothness.png
  artifactKey: Guid(466a9e27f33b6db43b477f1fa8f1aff6) Importer(815301076,1909f56bfc062723c751e8b465ee728b)
Start importing Assets/Victorian PBR Canon/Materials/Textures/Cannon_MetallicSmoothness.png using Guid(466a9e27f33b6db43b477f1fa8f1aff6) Importer(815301076,1909f56bfc062723c751e8b465ee728b)  -> (artifact id: 'e1240d26234656157cf285b2bc9a9f90') in 0.027758 seconds 
========================================================================
Received Import Request.
  Time since last request: 0.000353 seconds.
  path: Assets/Victorian PBR Canon/Materials/Textures/Cannon_Occlusion.tga
  artifactKey: Guid(9b69ca0edc9eb614ca9145ad8cf643dc) Importer(815301076,1909f56bfc062723c751e8b465ee728b)
Start importing Assets/Victorian PBR Canon/Materials/Textures/Cannon_Occlusion.tga using Guid(9b69ca0edc9eb614ca9145ad8cf643dc) Importer(815301076,1909f56bfc062723c751e8b465ee728b)  -> (artifact id: 'd764f351458ae2b2e74c1a3f133eebfa') in 1.088807 seconds 
========================================================================
Received Import Request.
  Time since last request: 0.000265 seconds.
  path: Assets/Victorian PBR Canon/Prefab/Cannon.prefab
  artifactKey: Guid(8fced4f73246c694eb16518c9f3962dc) Importer(815301076,1909f56bfc062723c751e8b465ee728b)
Start importing Assets/Victorian PBR Canon/Prefab/Cannon.prefab using Guid(8fced4f73246c694eb16518c9f3962dc) Importer(815301076,1909f56bfc062723c751e8b465ee728b)  -> (artifact id: 'b7cc908f5fc210357d06ecb652ab5593') in 0.399636 seconds 
========================================================================
Received Import Request.
  Time since last request: 13.144111 seconds.
  path: Assets/derArtikel/Victorian PBR Canon/ShowcaseSettings.lighting
  artifactKey: Guid(10b9deb1146814ffdbc4eff74f214c90) Importer(815301076,1909f56bfc062723c751e8b465ee728b)
Start importing Assets/derArtikel/Victorian PBR Canon/ShowcaseSettings.lighting using Guid(10b9deb1146814ffdbc4eff74f214c90) Importer(815301076,1909f56bfc062723c751e8b465ee728b) LightingSettings: switching bake backend from 1 to 0.
 -> (artifact id: '2fb21e1faf0cdd2a287e39c1675b1143') in 0.192519 seconds 
========================================================================
Received Import Request.
  Time since last request: 1.942739 seconds.
  path: Assets/derArtikel/Victorian PBR Canon/Showcase.unity
  artifactKey: Guid(2ddbec3d32d085a43bab0ef782aa3830) Importer(815301076,1909f56bfc062723c751e8b465ee728b)
Start importing Assets/derArtikel/Victorian PBR Canon/Showcase.unity using Guid(2ddbec3d32d085a43bab0ef782aa3830) Importer(815301076,1909f56bfc062723c751e8b465ee728b)  -> (artifact id: 'd1e3603759e9d8d6020b8cd5b332aa95') in 0.002351 seconds 
========================================================================
Received Import Request.
  Time since last request: 1079.850256 seconds.
  path: Assets/Scenes/First.unity
  artifactKey: Guid(9fc0d4010bbf28b4594072e72b8655ab) Importer(815301076,1909f56bfc062723c751e8b465ee728b)
Start importing Assets/Scenes/First.unity using Guid(9fc0d4010bbf28b4594072e72b8655ab) Importer(815301076,1909f56bfc062723c751e8b465ee728b)  -> (artifact id: 'a900e328547f50ff167eba2302a5e3b0') in 0.002389 seconds 
========================================================================
Received Import Request.
  Time since last request: 151.082380 seconds.
  path: Assets/Scenes/First.unity
  artifactKey: Guid(9fc0d4010bbf28b4594072e72b8655ab) Importer(815301076,1909f56bfc062723c751e8b465ee728b)
Start importing Assets/Scenes/First.unity using Guid(9fc0d4010bbf28b4594072e72b8655ab) Importer(815301076,1909f56bfc062723c751e8b465ee728b)  -> (artifact id: 'afa97d05c29e8993e7a3e14fa067ed61') in 0.002115 seconds 
========================================================================
Received Import Request.
  Time since last request: 27.546314 seconds.
  path: Assets/Scripts/CameraController.cs
  artifactKey: Guid(deb261a5e3d234b7b8012a189e1add83) Importer(815301076,1909f56bfc062723c751e8b465ee728b)
Start importing Assets/Scripts/CameraController.cs using Guid(deb261a5e3d234b7b8012a189e1add83) Importer(815301076,1909f56bfc062723c751e8b465ee728b)  -> (artifact id: 'd602ec2518b40cc15443b15d10300d38') in 0.384661 seconds 
========================================================================
Received Prepare
Registering precompiled user dll's ...
Registered in 0.005548 seconds.
Begin MonoManager ReloadAssembly
Symbol file LoadedFromMemory doesn't match image /Users/semler/Lernen/Lernen/Library/PackageCache/com.unity.visualscripting@1.6.1/Editor/VisualScripting.Core/Dependencies/YamlDotNet/Unity.VisualScripting.YamlDotNet.dll
Symbol file LoadedFromMemory doesn't match image /Users/semler/Lernen/Lernen/Library/PackageCache/com.unity.visualscripting@1.6.1/Editor/VisualScripting.Core/Dependencies/DotNetZip/Unity.VisualScripting.IonicZip.dll
Native extension for OSXStandalone target not found
Refreshing native plugins compatible for Editor in 0.77 ms, found 2 plugins.
Preloading 0 native plugins for Editor in 0.00 ms.
Mono: successfully reloaded assembly
- Completed reload, in  2.057 seconds
Domain Reload Profiling:
	ReloadAssembly (2057ms)
		BeginReloadAssembly (272ms)
			ExecutionOrderSort (0ms)
			DisableScriptedObjects (9ms)
			BackupInstance (0ms)
			ReleaseScriptingObjects (0ms)
			CreateAndSetChildDomain (158ms)
		EndReloadAssembly (1684ms)
			LoadAssemblies (162ms)
			RebuildTransferFunctionScriptingTraits (0ms)
			SetupTypeCache (706ms)
			ReleaseScriptCaches (2ms)
			RebuildScriptCaches (81ms)
			SetupLoadedEditorAssemblies (477ms)
				LogAssemblyErrors (0ms)
				InitializePlatformSupportModulesInManaged (7ms)
				SetLoadedEditorAssemblies (1ms)
				RefreshPlugins (1ms)
				BeforeProcessingInitializeOnLoad (70ms)
				ProcessInitializeOnLoadAttributes (387ms)
				ProcessInitializeOnLoadMethodAttributes (7ms)
				AfterProcessingInitializeOnLoad (3ms)
				EditorAssembliesLoaded (1ms)
			ExecutionOrderSort2 (0ms)
			AwakeInstancesAfterBackupRestoration (23ms)
Platform modules already initialized, skipping
Refreshing native plugins compatible for Editor in 0.82 ms, found 2 plugins.
Preloading 0 native plugins for Editor in 0.00 ms.
Unloading 2937 Unused Serialized files (Serialized files now loaded: 0)
System memory in use before: 241.3 MB.
System memory in use after: 241.5 MB.

Unloading 19 unused Assets to reduce memory usage. Loaded Objects now: 3459.
Total: 3.516769 ms (FindLiveObjects: 0.340065 ms CreateObjectMapping: 0.296678 ms MarkObjects: 2.771591 ms  DeleteObjects: 0.107046 ms)

AssetImportParameters requested are different than current active one (requested -> active):
  custom:video-decoder-ogg-theora: a1e56fd34408186e4bbccfd4996cb3dc -> 
  custom:container-muxer-webm: aa71ff27fc2769a1b78a27578f13a17b -> 
  custom:container-demuxer-webm: 4f35f7cbe854078d1ac9338744f61a02 -> 
  custom:container-demuxer-ogg: 62fdf1f143b41e24485cea50d1cbac27 -> 
  custom:video-encoder-webm-vp8: eb34c28f22e8b96e1ab97ce403110664 -> 
  custom:framework-osx-AVFoundation: e770b220cccbd017edd2c1fefb359320 -> 
  custom:video-decoder-webm-vp8: 9c59270c3fd7afecdb556c50c9e8de78 -> 
  custom:audio-decoder-ogg-vorbis: bf7c407c2cedff20999df2af8eb42d56 -> 
  custom:audio-encoder-webm-vorbis: bf7c407c2cedff20999df2af8eb42d56 -> 
========================================================================
Received Prepare
Registering precompiled user dll's ...
Registered in 0.005233 seconds.
Begin MonoManager ReloadAssembly
Symbol file LoadedFromMemory doesn't match image /Users/semler/Lernen/Lernen/Library/PackageCache/com.unity.visualscripting@1.6.1/Editor/VisualScripting.Core/Dependencies/YamlDotNet/Unity.VisualScripting.YamlDotNet.dll
Symbol file LoadedFromMemory doesn't match image /Users/semler/Lernen/Lernen/Library/PackageCache/com.unity.visualscripting@1.6.1/Editor/VisualScripting.Core/Dependencies/DotNetZip/Unity.VisualScripting.IonicZip.dll
Native extension for OSXStandalone target not found
Refreshing native plugins compatible for Editor in 0.66 ms, found 2 plugins.
Preloading 0 native plugins for Editor in 0.00 ms.
Mono: successfully reloaded assembly
- Completed reload, in  1.535 seconds
Domain Reload Profiling:
	ReloadAssembly (1535ms)
		BeginReloadAssembly (191ms)
			ExecutionOrderSort (0ms)
			DisableScriptedObjects (8ms)
			BackupInstance (0ms)
			ReleaseScriptingObjects (0ms)
			CreateAndSetChildDomain (110ms)
		EndReloadAssembly (1256ms)
			LoadAssemblies (101ms)
			RebuildTransferFunctionScriptingTraits (0ms)
			SetupTypeCache (542ms)
			ReleaseScriptCaches (1ms)
			RebuildScriptCaches (65ms)
			SetupLoadedEditorAssemblies (383ms)
				LogAssemblyErrors (0ms)
				InitializePlatformSupportModulesInManaged (6ms)
				SetLoadedEditorAssemblies (1ms)
				RefreshPlugins (1ms)
				BeforeProcessingInitializeOnLoad (60ms)
				ProcessInitializeOnLoadAttributes (308ms)
				ProcessInitializeOnLoadMethodAttributes (6ms)
				AfterProcessingInitializeOnLoad (2ms)
				EditorAssembliesLoaded (0ms)
			ExecutionOrderSort2 (0ms)
			AwakeInstancesAfterBackupRestoration (19ms)
Platform modules already initialized, skipping
Refreshing native plugins compatible for Editor in 0.84 ms, found 2 plugins.
Preloading 0 native plugins for Editor in 0.00 ms.
Unloading 2933 Unused Serialized files (Serialized files now loaded: 0)
System memory in use before: 241.4 MB.
System memory in use after: 241.6 MB.

Unloading 18 unused Assets to reduce memory usage. Loaded Objects now: 3462.
Total: 2.655990 ms (FindLiveObjects: 0.264146 ms CreateObjectMapping: 0.137549 ms MarkObjects: 2.200599 ms  DeleteObjects: 0.052408 ms)

AssetImportParameters requested are different than current active one (requested -> active):
  custom:video-decoder-ogg-theora: a1e56fd34408186e4bbccfd4996cb3dc -> 
  custom:container-muxer-webm: aa71ff27fc2769a1b78a27578f13a17b -> 
  custom:container-demuxer-webm: 4f35f7cbe854078d1ac9338744f61a02 -> 
  custom:container-demuxer-ogg: 62fdf1f143b41e24485cea50d1cbac27 -> 
  custom:video-encoder-webm-vp8: eb34c28f22e8b96e1ab97ce403110664 -> 
  custom:framework-osx-AVFoundation: e770b220cccbd017edd2c1fefb359320 -> 
  custom:video-decoder-webm-vp8: 9c59270c3fd7afecdb556c50c9e8de78 -> 
  custom:audio-decoder-ogg-vorbis: bf7c407c2cedff20999df2af8eb42d56 -> 
  custom:audio-encoder-webm-vorbis: bf7c407c2cedff20999df2af8eb42d56 -> 
========================================================================
Received Import Request.
  Time since last request: 13494.160686 seconds.
  path: Assets/Scripts/CameraController.cs
  artifactKey: Guid(deb261a5e3d234b7b8012a189e1add83) Importer(815301076,1909f56bfc062723c751e8b465ee728b)
Start importing Assets/Scripts/CameraController.cs using Guid(deb261a5e3d234b7b8012a189e1add83) Importer(815301076,1909f56bfc062723c751e8b465ee728b)  -> (artifact id: 'a115eb4ae6d5387d12d7c31e80645f90') in 0.008979 seconds 
